<?xml version="1.0" encoding="UTF-8"?>
<testsuite name="com.victorshlima.infnet.br.RegisterApplication" tests="2" skipped="0" failures="0" errors="0" timestamp="2022-04-12T01:30:14" hostname="int-f460rk3" time="0.021">
  <properties/>
  <testcase name="Busca de funcionários" classname="com.victorshlima.infnet.br.RegisterApplication" time="0.017"/>
  <testcase name="contextLoads()" classname="com.victorshlima.infnet.br.RegisterApplication" time="0.002"/>
  <system-out><![CDATA[22:30:13.639 [Test worker] DEBUG org.springframework.test.context.BootstrapUtils - Instantiating CacheAwareContextLoaderDelegate from class [org.springframework.test.context.cache.DefaultCacheAwareContextLoaderDelegate]
22:30:13.645 [Test worker] DEBUG org.springframework.test.context.BootstrapUtils - Instantiating BootstrapContext using constructor [public org.springframework.test.context.support.DefaultBootstrapContext(java.lang.Class,org.springframework.test.context.CacheAwareContextLoaderDelegate)]
22:30:13.671 [Test worker] DEBUG org.springframework.test.context.BootstrapUtils - Instantiating TestContextBootstrapper for test class [com.victorshlima.infnet.br.RegisterApplication] from class [org.springframework.boot.test.context.SpringBootTestContextBootstrapper]
22:30:13.682 [Test worker] INFO org.springframework.boot.test.context.SpringBootTestContextBootstrapper - Neither @ContextConfiguration nor @ContextHierarchy found for test class [com.victorshlima.infnet.br.RegisterApplication], using SpringBootContextLoader
22:30:13.686 [Test worker] DEBUG org.springframework.test.context.support.AbstractContextLoader - Did not detect default resource location for test class [com.victorshlima.infnet.br.RegisterApplication]: class path resource [com/victorshlima/infnet/br/RegisterApplication-context.xml] does not exist
22:30:13.687 [Test worker] DEBUG org.springframework.test.context.support.AbstractContextLoader - Did not detect default resource location for test class [com.victorshlima.infnet.br.RegisterApplication]: class path resource [com/victorshlima/infnet/br/RegisterApplicationContext.groovy] does not exist
22:30:13.687 [Test worker] INFO org.springframework.test.context.support.AbstractContextLoader - Could not detect default resource locations for test class [com.victorshlima.infnet.br.RegisterApplication]: no resource found for suffixes {-context.xml, Context.groovy}.
22:30:13.688 [Test worker] INFO org.springframework.test.context.support.AnnotationConfigContextLoaderUtils - Could not detect default configuration classes for test class [com.victorshlima.infnet.br.RegisterApplication]: RegisterApplication does not declare any static, non-private, non-final, nested classes annotated with @Configuration.
22:30:13.726 [Test worker] DEBUG org.springframework.test.context.support.ActiveProfilesUtils - Could not find an 'annotation declaring class' for annotation type [org.springframework.test.context.ActiveProfiles] and class [com.victorshlima.infnet.br.RegisterApplication]
22:30:13.761 [Test worker] DEBUG org.springframework.context.annotation.ClassPathScanningCandidateComponentProvider - Identified candidate component class: file [/home/wid_vlima/dev/git_study/infnet-devops-project/build/classes/java/main/com/victorshlima/infnet/br/RegisterApplication.class]
22:30:13.762 [Test worker] INFO org.springframework.boot.test.context.SpringBootTestContextBootstrapper - Found @SpringBootConfiguration com.victorshlima.infnet.br.RegisterApplication for test class com.victorshlima.infnet.br.RegisterApplication
22:30:13.821 [Test worker] DEBUG org.springframework.boot.test.context.SpringBootTestContextBootstrapper - @TestExecutionListeners is not present for class [com.victorshlima.infnet.br.RegisterApplication]: using defaults.
22:30:13.822 [Test worker] INFO org.springframework.boot.test.context.SpringBootTestContextBootstrapper - Loaded default TestExecutionListener class names from location [META-INF/spring.factories]: [org.springframework.boot.test.autoconfigure.restdocs.RestDocsTestExecutionListener, org.springframework.boot.test.autoconfigure.web.client.MockRestServiceServerResetTestExecutionListener, org.springframework.boot.test.autoconfigure.web.servlet.MockMvcPrintOnlyOnFailureTestExecutionListener, org.springframework.boot.test.autoconfigure.web.servlet.WebDriverTestExecutionListener, org.springframework.boot.test.autoconfigure.webservices.client.MockWebServiceServerTestExecutionListener, org.springframework.boot.test.mock.mockito.MockitoTestExecutionListener, org.springframework.boot.test.mock.mockito.ResetMocksTestExecutionListener, org.springframework.test.context.web.ServletTestExecutionListener, org.springframework.test.context.support.DirtiesContextBeforeModesTestExecutionListener, org.springframework.test.context.event.ApplicationEventsTestExecutionListener, org.springframework.test.context.support.DependencyInjectionTestExecutionListener, org.springframework.test.context.support.DirtiesContextTestExecutionListener, org.springframework.test.context.transaction.TransactionalTestExecutionListener, org.springframework.test.context.jdbc.SqlScriptsTestExecutionListener, org.springframework.test.context.event.EventPublishingTestExecutionListener]
22:30:13.828 [Test worker] DEBUG org.springframework.boot.test.context.SpringBootTestContextBootstrapper - Skipping candidate TestExecutionListener [org.springframework.test.context.transaction.TransactionalTestExecutionListener] due to a missing dependency. Specify custom listener classes or make the default listener classes and their required dependencies available. Offending class: [org/springframework/transaction/interceptor/TransactionAttributeSource]
22:30:13.829 [Test worker] DEBUG org.springframework.boot.test.context.SpringBootTestContextBootstrapper - Skipping candidate TestExecutionListener [org.springframework.test.context.jdbc.SqlScriptsTestExecutionListener] due to a missing dependency. Specify custom listener classes or make the default listener classes and their required dependencies available. Offending class: [org/springframework/transaction/interceptor/TransactionAttribute]
22:30:13.829 [Test worker] INFO org.springframework.boot.test.context.SpringBootTestContextBootstrapper - Using TestExecutionListeners: [org.springframework.test.context.web.ServletTestExecutionListener@2e11485, org.springframework.test.context.support.DirtiesContextBeforeModesTestExecutionListener@60dce7ea, org.springframework.test.context.event.ApplicationEventsTestExecutionListener@662f5666, org.springframework.boot.test.mock.mockito.MockitoTestExecutionListener@fd8294b, org.springframework.boot.test.autoconfigure.SpringBootDependencyInjectionTestExecutionListener@5974109, org.springframework.test.context.support.DirtiesContextTestExecutionListener@27305e6, org.springframework.test.context.event.EventPublishingTestExecutionListener@1ef3efa8, org.springframework.boot.test.autoconfigure.restdocs.RestDocsTestExecutionListener@502f1f4c, org.springframework.boot.test.autoconfigure.web.client.MockRestServiceServerResetTestExecutionListener@6f8f9349, org.springframework.boot.test.autoconfigure.web.servlet.MockMvcPrintOnlyOnFailureTestExecutionListener@75c9e76b, org.springframework.boot.test.autoconfigure.web.servlet.WebDriverTestExecutionListener@7446d8d5, org.springframework.boot.test.autoconfigure.webservices.client.MockWebServiceServerTestExecutionListener@5c3b6c6e, org.springframework.boot.test.mock.mockito.ResetMocksTestExecutionListener@4fbda97b]
22:30:13.831 [Test worker] DEBUG org.springframework.test.context.support.AbstractDirtiesContextTestExecutionListener - Before test class: context [DefaultTestContext@7a791b66 testClass = RegisterApplication, testInstance = [null], testMethod = [null], testException = [null], mergedContextConfiguration = [WebMergedContextConfiguration@6f2cb653 testClass = RegisterApplication, locations = '{}', classes = '{class com.victorshlima.infnet.br.RegisterApplication}', contextInitializerClasses = '[]', activeProfiles = '{}', propertySourceLocations = '{}', propertySourceProperties = '{org.springframework.boot.test.context.SpringBootTestContextBootstrapper=true}', contextCustomizers = set[org.springframework.boot.test.autoconfigure.actuate.metrics.MetricsExportContextCustomizerFactory$DisableMetricExportContextCustomizer@7daa0fbd, org.springframework.boot.test.autoconfigure.properties.PropertyMappingContextCustomizer@0, org.springframework.boot.test.autoconfigure.web.servlet.WebDriverContextCustomizerFactory$Customizer@3403e2ac, org.springframework.boot.test.context.filter.ExcludeFilterContextCustomizer@74bf1791, org.springframework.boot.test.json.DuplicateJsonObjectContextCustomizerFactory$DuplicateJsonObjectContextCustomizer@1339e7aa, org.springframework.boot.test.mock.mockito.MockitoContextCustomizer@0, org.springframework.boot.test.web.client.TestRestTemplateContextCustomizer@31ff43be, org.springframework.boot.test.context.SpringBootTestArgs@1, org.springframework.boot.test.context.SpringBootTestWebEnvironment@43c1b556], resourceBasePath = 'src/main/webapp', contextLoader = 'org.springframework.boot.test.context.SpringBootContextLoader', parent = [null]], attributes = map['org.springframework.test.context.web.ServletTestExecutionListener.activateListener' -> true]], class annotated with @DirtiesContext [false] with mode [null].

  .   ____          _            __ _ _
 /\\ / ___'_ __ _ _(_)_ __  __ _ \ \ \ \
( ( )\___ | '_ | '_| | '_ \/ _` | \ \ \ \
 \\/  ___)| |_)| | | | | || (_| |  ) ) ) )
  '  |____| .__|_| |_|_| |_\__, | / / / /
 =========|_|==============|___/=/_/_/_/
 :: Spring Boot ::                (v2.6.6)

2022-04-11 22:30:14.045  INFO 510550 --- [    Test worker] c.v.infnet.br.RegisterApplication        : Starting RegisterApplication using Java 11.0.14.1 on int-f460rk3 with PID 510550 (started by wid_vlima in /home/wid_vlima/dev/git_study/infnet-devops-project)
2022-04-11 22:30:14.047  INFO 510550 --- [    Test worker] c.v.infnet.br.RegisterApplication        : No active profile set, falling back to 1 default profile: "default"
2022-04-11 22:30:14.205  INFO 510550 --- [    Test worker] c.v.infnet.br.RegisterApplication        : Started RegisterApplication in 0.351 seconds (JVM running for 1.33)
]]></system-out>
  <system-err><![CDATA[]]></system-err>
</testsuite>
